<?xml version="1.0" encoding="UTF-8"?>
<!-- Generated by org.testng.reporters.JUnitReportReporter -->
<testsuite hostname="LAPTOP-PN4GH1FS" failures="0" tests="4" name="com.tb.test.TestScenarios" time="35.288" errors="0" timestamp="2021-05-18T16:55:30 IST" skipped="0">
  <testcase classname="com.tb.test.TestScenarios" name="Test1" time="1.719"/>
  <system-out/>
  <testcase classname="com.tb.test.TestScenarios" name="Test2" time="2.026"/>
  <system-out/>
  <testcase classname="com.tb.test.TestScenarios" name="Test3" time="0.383"/>
  <system-out/>
  <testcase classname="com.tb.test.TestScenarios" name="Test4" time="31.160"/>
  <system-out/>
</testsuite> <!-- com.tb.test.TestScenarios -->
