<?xml version="1.0" encoding="UTF-8"?>
<!-- Generated by org.testng.reporters.JUnitReportReporter -->
<testsuite hostname="LAPTOP-PN4GH1FS" failures="0" tests="6" name="com.tb.test.TestScenarios" time="0.601" errors="0" timestamp="2021-05-18T16:43:58 IST" skipped="5">
  <testcase classname="com.tb.test.TestScenarios" name="Test6" time="0.601"/>
  <system-out/>
  <testcase classname="com.tb.test.TestScenarios" name="Test5">
    <skipped/>
  </testcase> <!-- Test5 -->
  <system-out/>
  <testcase classname="com.tb.test.TestScenarios" name="Test4">
    <skipped/>
  </testcase> <!-- Test4 -->
  <system-out/>
  <testcase classname="com.tb.test.TestScenarios" name="Test3">
    <skipped/>
  </testcase> <!-- Test3 -->
  <system-out/>
  <testcase classname="com.tb.test.TestScenarios" name="Test2">
    <skipped/>
  </testcase> <!-- Test2 -->
  <system-out/>
  <testcase classname="com.tb.test.TestScenarios" name="Test1">
    <skipped/>
  </testcase> <!-- Test1 -->
  <system-out/>
</testsuite> <!-- com.tb.test.TestScenarios -->
